2020-04-27 20:14:53.472  INFO 75704 --- [main] com.info6150.pigeon.PigeonApplication    : Starting PigeonApplication on TianjudeMBP.fios-router.home with PID 75704 (/Users/steve/Courses/pigeon-calendar-springboot/backend/target/classes started by steve in /Users/steve/Courses/pigeon-calendar-springboot/backend)
2020-04-27 20:14:53.477  INFO 75704 --- [main] com.info6150.pigeon.PigeonApplication    : The following profiles are active: dev
2020-04-27 20:14:53.985  INFO 75704 --- [main] .s.d.r.c.RepositoryConfigurationDelegate : Bootstrapping Spring Data MongoDB repositories in DEFAULT mode.
2020-04-27 20:14:54.033  INFO 75704 --- [main] .s.d.r.c.RepositoryConfigurationDelegate : Finished Spring Data repository scanning in 43ms. Found 2 MongoDB repository interfaces.
2020-04-27 20:14:54.626  INFO 75704 --- [main] o.s.b.w.embedded.tomcat.TomcatWebServer  : Tomcat initialized with port(s): 8081 (http)
2020-04-27 20:14:54.635  INFO 75704 --- [main] o.apache.catalina.core.StandardService   : Starting service [Tomcat]
2020-04-27 20:14:54.636  INFO 75704 --- [main] org.apache.catalina.core.StandardEngine  : Starting Servlet engine: [Apache Tomcat/9.0.30]
2020-04-27 20:14:54.783  INFO 75704 --- [main] o.a.c.c.C.[Tomcat].[localhost].[/pg]     : Initializing Spring embedded WebApplicationContext
2020-04-27 20:14:54.784  INFO 75704 --- [main] o.s.web.context.ContextLoader            : Root WebApplicationContext: initialization completed in 1275 ms
2020-04-27 20:14:55.589  INFO 75704 --- [main] org.mongodb.driver.cluster               : Cluster created with settings {hosts=[127.0.0.1:27017], srvHost=pigeon-f4oyb.mongodb.net, mode=MULTIPLE, requiredClusterType=REPLICA_SET, serverSelectionTimeout='30000 ms', maxWaitQueueSize=500, requiredReplicaSetName='Pigeon-shard-0'}
2020-04-27 20:14:55.628  INFO 75704 --- [cluster-ClusterId{value='5ea7757f3f685a49b6895433', description='null'}-srv-pigeon-f4oyb.mongodb.net] org.mongodb.driver.cluster               : Adding discovered server pigeon-shard-00-00-f4oyb.mongodb.net:27017 to client view of cluster
2020-04-27 20:14:55.654  INFO 75704 --- [cluster-ClusterId{value='5ea7757f3f685a49b6895433', description='null'}-srv-pigeon-f4oyb.mongodb.net] org.mongodb.driver.cluster               : Adding discovered server pigeon-shard-00-02-f4oyb.mongodb.net:27017 to client view of cluster
2020-04-27 20:14:55.655  INFO 75704 --- [cluster-ClusterId{value='5ea7757f3f685a49b6895433', description='null'}-srv-pigeon-f4oyb.mongodb.net] org.mongodb.driver.cluster               : Adding discovered server pigeon-shard-00-01-f4oyb.mongodb.net:27017 to client view of cluster
2020-04-27 20:14:56.062  INFO 75704 --- [cluster-ClusterId{value='5ea7757f3f685a49b6895433', description='null'}-pigeon-shard-00-02-f4oyb.mongodb.net:27017] org.mongodb.driver.connection            : Opened connection [connectionId{localValue:2, serverValue:88945}] to pigeon-shard-00-02-f4oyb.mongodb.net:27017
2020-04-27 20:14:56.062  INFO 75704 --- [cluster-ClusterId{value='5ea7757f3f685a49b6895433', description='null'}-pigeon-shard-00-00-f4oyb.mongodb.net:27017] org.mongodb.driver.connection            : Opened connection [connectionId{localValue:1, serverValue:87711}] to pigeon-shard-00-00-f4oyb.mongodb.net:27017
2020-04-27 20:14:56.062  INFO 75704 --- [cluster-ClusterId{value='5ea7757f3f685a49b6895433', description='null'}-pigeon-shard-00-01-f4oyb.mongodb.net:27017] org.mongodb.driver.connection            : Opened connection [connectionId{localValue:3, serverValue:131071}] to pigeon-shard-00-01-f4oyb.mongodb.net:27017
2020-04-27 20:14:56.084  INFO 75704 --- [cluster-ClusterId{value='5ea7757f3f685a49b6895433', description='null'}-pigeon-shard-00-02-f4oyb.mongodb.net:27017] org.mongodb.driver.cluster               : Monitor thread successfully connected to server with description ServerDescription{address=pigeon-shard-00-02-f4oyb.mongodb.net:27017, type=REPLICA_SET_SECONDARY, state=CONNECTED, ok=true, version=ServerVersion{versionList=[4, 2, 6]}, minWireVersion=0, maxWireVersion=8, maxDocumentSize=16777216, logicalSessionTimeoutMinutes=30, roundTripTimeNanos=20165632, setName='Pigeon-shard-0', canonicalAddress=pigeon-shard-00-02-f4oyb.mongodb.net:27017, hosts=[pigeon-shard-00-02-f4oyb.mongodb.net:27017, pigeon-shard-00-01-f4oyb.mongodb.net:27017, pigeon-shard-00-00-f4oyb.mongodb.net:27017], passives=[], arbiters=[], primary='pigeon-shard-00-01-f4oyb.mongodb.net:27017', tagSet=TagSet{[Tag{name='nodeType', value='ELECTABLE'}, Tag{name='provider', value='AWS'}, Tag{name='region', value='US_EAST_1'}]}, electionId=null, setVersion=2, lastWriteDate=Mon Apr 27 20:14:54 EDT 2020, lastUpdateTimeNanos=487217242500954}
2020-04-27 20:14:56.084  INFO 75704 --- [cluster-ClusterId{value='5ea7757f3f685a49b6895433', description='null'}-pigeon-shard-00-00-f4oyb.mongodb.net:27017] org.mongodb.driver.cluster               : Monitor thread successfully connected to server with description ServerDescription{address=pigeon-shard-00-00-f4oyb.mongodb.net:27017, type=REPLICA_SET_SECONDARY, state=CONNECTED, ok=true, version=ServerVersion{versionList=[4, 2, 6]}, minWireVersion=0, maxWireVersion=8, maxDocumentSize=16777216, logicalSessionTimeoutMinutes=30, roundTripTimeNanos=21708181, setName='Pigeon-shard-0', canonicalAddress=pigeon-shard-00-00-f4oyb.mongodb.net:27017, hosts=[pigeon-shard-00-02-f4oyb.mongodb.net:27017, pigeon-shard-00-01-f4oyb.mongodb.net:27017, pigeon-shard-00-00-f4oyb.mongodb.net:27017], passives=[], arbiters=[], primary='pigeon-shard-00-01-f4oyb.mongodb.net:27017', tagSet=TagSet{[Tag{name='nodeType', value='ELECTABLE'}, Tag{name='provider', value='AWS'}, Tag{name='region', value='US_EAST_1'}]}, electionId=null, setVersion=2, lastWriteDate=Mon Apr 27 20:14:54 EDT 2020, lastUpdateTimeNanos=487217243771370}
2020-04-27 20:14:56.084  INFO 75704 --- [cluster-ClusterId{value='5ea7757f3f685a49b6895433', description='null'}-pigeon-shard-00-01-f4oyb.mongodb.net:27017] org.mongodb.driver.cluster               : Monitor thread successfully connected to server with description ServerDescription{address=pigeon-shard-00-01-f4oyb.mongodb.net:27017, type=REPLICA_SET_PRIMARY, state=CONNECTED, ok=true, version=ServerVersion{versionList=[4, 2, 6]}, minWireVersion=0, maxWireVersion=8, maxDocumentSize=16777216, logicalSessionTimeoutMinutes=30, roundTripTimeNanos=21717162, setName='Pigeon-shard-0', canonicalAddress=pigeon-shard-00-01-f4oyb.mongodb.net:27017, hosts=[pigeon-shard-00-02-f4oyb.mongodb.net:27017, pigeon-shard-00-01-f4oyb.mongodb.net:27017, pigeon-shard-00-00-f4oyb.mongodb.net:27017], passives=[], arbiters=[], primary='pigeon-shard-00-01-f4oyb.mongodb.net:27017', tagSet=TagSet{[Tag{name='nodeType', value='ELECTABLE'}, Tag{name='provider', value='AWS'}, Tag{name='region', value='US_EAST_1'}]}, electionId=7fffffff000000000000000a, setVersion=2, lastWriteDate=Mon Apr 27 20:14:54 EDT 2020, lastUpdateTimeNanos=487217243775816}
2020-04-27 20:14:56.085  INFO 75704 --- [cluster-ClusterId{value='5ea7757f3f685a49b6895433', description='null'}-pigeon-shard-00-01-f4oyb.mongodb.net:27017] org.mongodb.driver.cluster               : Setting max election id to 7fffffff000000000000000a from replica set primary pigeon-shard-00-01-f4oyb.mongodb.net:27017
2020-04-27 20:14:56.086  INFO 75704 --- [cluster-ClusterId{value='5ea7757f3f685a49b6895433', description='null'}-pigeon-shard-00-01-f4oyb.mongodb.net:27017] org.mongodb.driver.cluster               : Setting max set version to 2 from replica set primary pigeon-shard-00-01-f4oyb.mongodb.net:27017
2020-04-27 20:14:56.086  INFO 75704 --- [cluster-ClusterId{value='5ea7757f3f685a49b6895433', description='null'}-pigeon-shard-00-01-f4oyb.mongodb.net:27017] org.mongodb.driver.cluster               : Discovered replica set primary pigeon-shard-00-01-f4oyb.mongodb.net:27017
2020-04-27 20:14:56.231  INFO 75704 --- [main] .s.s.UserDetailsServiceAutoConfiguration : 

Using generated security password: 1c180e71-09a6-4f04-96d2-2e2fae746003

2020-04-27 20:14:56.307  INFO 75704 --- [main] o.s.s.web.DefaultSecurityFilterChain     : Creating filter chain: Ant [pattern='/', OPTIONS], []
2020-04-27 20:14:56.307  INFO 75704 --- [main] o.s.s.web.DefaultSecurityFilterChain     : Creating filter chain: Ant [pattern='/*', OPTIONS], []
2020-04-27 20:14:56.308  INFO 75704 --- [main] o.s.s.web.DefaultSecurityFilterChain     : Creating filter chain: Ant [pattern='/**', OPTIONS], []
2020-04-27 20:14:56.308  INFO 75704 --- [main] o.s.s.web.DefaultSecurityFilterChain     : Creating filter chain: Ant [pattern='/user', POST], []
2020-04-27 20:14:56.308  INFO 75704 --- [main] o.s.s.web.DefaultSecurityFilterChain     : Creating filter chain: Ant [pattern='/user/token', POST], []
2020-04-27 20:14:56.353  INFO 75704 --- [main] o.s.s.web.DefaultSecurityFilterChain     : Creating filter chain: any request, [org.springframework.security.web.context.request.async.WebAsyncManagerIntegrationFilter@4703c998, org.springframework.security.web.context.SecurityContextPersistenceFilter@22a4ca4a, org.springframework.security.web.header.HeaderWriterFilter@1e56bc9b, org.springframework.security.web.authentication.logout.LogoutFilter@191ec193, com.info6150.pigeon.configs.ExceptionHandlerFilter@71166348, com.info6150.pigeon.configs.JwtRequestFilter@6d874695, com.info6150.pigeon.configs.SimpleCORSFilter@20bb85b4, org.springframework.security.web.savedrequest.RequestCacheAwareFilter@1e495414, org.springframework.security.web.servletapi.SecurityContextHolderAwareRequestFilter@13f40d71, org.springframework.security.web.authentication.AnonymousAuthenticationFilter@79add732, org.springframework.security.web.session.SessionManagementFilter@7f22687e, org.springframework.security.web.access.ExceptionTranslationFilter@4c4c7d6c, org.springframework.security.web.access.intercept.FilterSecurityInterceptor@42cf6349]
2020-04-27 20:14:56.546  INFO 75704 --- [main] o.s.s.concurrent.ThreadPoolTaskExecutor  : Initializing ExecutorService 'applicationTaskExecutor'
2020-04-27 20:14:56.736  INFO 75704 --- [main] o.s.b.w.embedded.tomcat.TomcatWebServer  : Tomcat started on port(s): 8081 (http) with context path '/pg'
2020-04-27 20:14:56.740  INFO 75704 --- [main] com.info6150.pigeon.PigeonApplication    : Started PigeonApplication in 3.561 seconds (JVM running for 4.397)
2020-04-27 20:43:59.678  INFO 75704 --- [http-nio-8081-exec-1] o.a.c.c.C.[Tomcat].[localhost].[/pg]     : Initializing Spring DispatcherServlet 'dispatcherServlet'
2020-04-27 20:43:59.679  INFO 75704 --- [http-nio-8081-exec-1] o.s.web.servlet.DispatcherServlet        : Initializing Servlet 'dispatcherServlet'
2020-04-27 20:43:59.695  INFO 75704 --- [http-nio-8081-exec-1] o.s.web.servlet.DispatcherServlet        : Completed initialization in 16 ms
2020-04-27 20:43:59.743  WARN 75704 --- [http-nio-8081-exec-1] c.i.p.configs.ExceptionHandlerFilter     : Invalid Authorization
2020-04-27 20:44:03.664  WARN 75704 --- [http-nio-8081-exec-2] c.i.p.configs.ExceptionHandlerFilter     : Invalid Authorization
2020-04-27 20:44:03.780  WARN 75704 --- [http-nio-8081-exec-3] c.i.p.configs.ExceptionHandlerFilter     : Invalid Authorization
2020-04-27 21:06:11.200  WARN 75704 --- [http-nio-8081-exec-6] c.i.p.configs.ExceptionHandlerFilter     : Invalid Authorization
2020-04-27 21:06:11.588  WARN 75704 --- [http-nio-8081-exec-7] c.i.p.configs.ExceptionHandlerFilter     : Invalid Authorization
2020-04-27 21:06:44.204  WARN 75704 --- [http-nio-8081-exec-8] c.i.p.configs.ExceptionHandlerFilter     : Invalid Authorization
2020-04-27 21:09:16.050  WARN 75704 --- [http-nio-8081-exec-10] c.i.p.configs.ExceptionHandlerFilter     : Invalid Authorization
2020-04-27 21:16:50.369  INFO 75704 --- [http-nio-8081-exec-3] com.info6150.pigeon.WebLogAspect         : ##############          URL : http://localhost:8081/pg/user/token
2020-04-27 21:16:50.369  INFO 75704 --- [http-nio-8081-exec-3] com.info6150.pigeon.WebLogAspect         : ##############  HTTP_METHOD : POST
2020-04-27 21:16:50.369  INFO 75704 --- [http-nio-8081-exec-3] com.info6150.pigeon.WebLogAspect         : ##############           IP : 0:0:0:0:0:0:0:1
2020-04-27 21:16:50.370  INFO 75704 --- [http-nio-8081-exec-3] com.info6150.pigeon.WebLogAspect         : ############## REQUEST_BODY : [User{id='null', username='tianju', email='null', password='tianju'}]
2020-04-27 21:16:50.372  INFO 75704 --- [http-nio-8081-exec-3] com.info6150.pigeon.WebLogAspect         : ############## CLASS_METHOD : com.info6150.pigeon.controller.UserControllers.userAuth
2020-04-27 21:16:50.715  INFO 75704 --- [http-nio-8081-exec-3] org.mongodb.driver.connection            : Opened connection [connectionId{localValue:4, serverValue:125468}] to pigeon-shard-00-01-f4oyb.mongodb.net:27017
2020-04-27 21:16:50.887  INFO 75704 --- [http-nio-8081-exec-5] com.info6150.pigeon.WebLogAspect         : ##############          URL : http://localhost:8081/pg/event/user/tianju
2020-04-27 21:16:50.887  INFO 75704 --- [http-nio-8081-exec-5] com.info6150.pigeon.WebLogAspect         : ##############  HTTP_METHOD : GET
2020-04-27 21:16:50.887  INFO 75704 --- [http-nio-8081-exec-5] com.info6150.pigeon.WebLogAspect         : ##############           IP : 0:0:0:0:0:0:0:1
2020-04-27 21:16:50.887  INFO 75704 --- [http-nio-8081-exec-5] com.info6150.pigeon.WebLogAspect         : ############## REQUEST_BODY : [tianju]
2020-04-27 21:16:50.887  INFO 75704 --- [http-nio-8081-exec-5] com.info6150.pigeon.WebLogAspect         : ############## CLASS_METHOD : com.info6150.pigeon.controller.EventControllers.getEventListByUsername
2020-04-27 21:16:50.939  INFO 75704 --- [http-nio-8081-exec-6] com.info6150.pigeon.WebLogAspect         : ##############          URL : http://localhost:8081/pg/event/user/tianju
2020-04-27 21:16:50.939  INFO 75704 --- [http-nio-8081-exec-6] com.info6150.pigeon.WebLogAspect         : ##############  HTTP_METHOD : GET
2020-04-27 21:16:50.939  INFO 75704 --- [http-nio-8081-exec-6] com.info6150.pigeon.WebLogAspect         : ##############           IP : 0:0:0:0:0:0:0:1
2020-04-27 21:16:50.939  INFO 75704 --- [http-nio-8081-exec-6] com.info6150.pigeon.WebLogAspect         : ############## REQUEST_BODY : [tianju]
2020-04-27 21:16:50.939  INFO 75704 --- [http-nio-8081-exec-6] com.info6150.pigeon.WebLogAspect         : ############## CLASS_METHOD : com.info6150.pigeon.controller.EventControllers.getEventListByUsername
2020-04-27 21:20:43.994  WARN 75704 --- [http-nio-8081-exec-9] c.i.p.configs.ExceptionHandlerFilter     : Current User Doesn't Have Permission to Visit This Page
2020-04-27 21:20:51.604  WARN 75704 --- [http-nio-8081-exec-10] c.i.p.configs.ExceptionHandlerFilter     : Current User Doesn't Have Permission to Visit This Page
2020-04-27 21:23:26.570  WARN 75704 --- [http-nio-8081-exec-2] c.i.p.configs.ExceptionHandlerFilter     : Current User Doesn't Have Permission to Visit This Page
2020-04-27 21:24:58.908  WARN 75704 --- [http-nio-8081-exec-4] c.i.p.configs.ExceptionHandlerFilter     : Current User Doesn't Have Permission to Visit This Page
2020-04-27 21:26:25.767  WARN 75704 --- [http-nio-8081-exec-6] c.i.p.configs.ExceptionHandlerFilter     : Current User Doesn't Have Permission to Visit This Page
2020-04-27 21:26:26.442  WARN 75704 --- [http-nio-8081-exec-7] c.i.p.configs.ExceptionHandlerFilter     : Current User Doesn't Have Permission to Visit This Page
2020-04-27 21:26:45.806  WARN 75704 --- [http-nio-8081-exec-8] c.i.p.configs.ExceptionHandlerFilter     : Current User Doesn't Have Permission to Visit This Page
2020-04-27 21:26:47.065  WARN 75704 --- [http-nio-8081-exec-9] c.i.p.configs.ExceptionHandlerFilter     : Current User Doesn't Have Permission to Visit This Page
2020-04-27 21:27:50.376  WARN 75704 --- [http-nio-8081-exec-2] c.i.p.configs.ExceptionHandlerFilter     : Current User Doesn't Have Permission to Visit This Page
2020-04-27 21:31:50.235  WARN 75704 --- [http-nio-8081-exec-4] c.i.p.configs.ExceptionHandlerFilter     : Current User Doesn't Have Permission to Visit This Page
2020-04-27 21:31:51.302  WARN 75704 --- [http-nio-8081-exec-5] c.i.p.configs.ExceptionHandlerFilter     : Current User Doesn't Have Permission to Visit This Page
2020-04-27 21:31:55.184  WARN 75704 --- [http-nio-8081-exec-6] c.i.p.configs.ExceptionHandlerFilter     : Current User Doesn't Have Permission to Visit This Page
2020-04-27 21:31:55.402  WARN 75704 --- [http-nio-8081-exec-7] c.i.p.configs.ExceptionHandlerFilter     : Current User Doesn't Have Permission to Visit This Page
2020-04-27 21:31:59.118  WARN 75704 --- [http-nio-8081-exec-8] c.i.p.configs.ExceptionHandlerFilter     : Current User Doesn't Have Permission to Visit This Page
2020-04-27 21:32:52.997  WARN 75704 --- [http-nio-8081-exec-9] c.i.p.configs.ExceptionHandlerFilter     : Current User Doesn't Have Permission to Visit This Page
2020-04-27 21:32:53.242  WARN 75704 --- [http-nio-8081-exec-10] c.i.p.configs.ExceptionHandlerFilter     : Current User Doesn't Have Permission to Visit This Page
2020-04-27 21:32:53.284  WARN 75704 --- [http-nio-8081-exec-1] c.i.p.configs.ExceptionHandlerFilter     : Current User Doesn't Have Permission to Visit This Page
2020-04-27 21:33:19.365  WARN 75704 --- [http-nio-8081-exec-2] c.i.p.configs.ExceptionHandlerFilter     : Current User Doesn't Have Permission to Visit This Page
2020-04-27 21:33:19.460  WARN 75704 --- [http-nio-8081-exec-3] c.i.p.configs.ExceptionHandlerFilter     : Current User Doesn't Have Permission to Visit This Page
2020-04-27 21:33:19.591  WARN 75704 --- [http-nio-8081-exec-4] c.i.p.configs.ExceptionHandlerFilter     : Current User Doesn't Have Permission to Visit This Page
2020-04-27 21:33:27.578  WARN 75704 --- [http-nio-8081-exec-5] c.i.p.configs.ExceptionHandlerFilter     : Current User Doesn't Have Permission to Visit This Page
2020-04-27 21:33:27.613  WARN 75704 --- [http-nio-8081-exec-6] c.i.p.configs.ExceptionHandlerFilter     : Current User Doesn't Have Permission to Visit This Page
2020-04-27 21:33:27.924  WARN 75704 --- [http-nio-8081-exec-7] c.i.p.configs.ExceptionHandlerFilter     : Current User Doesn't Have Permission to Visit This Page
2020-04-27 21:33:31.797  WARN 75704 --- [http-nio-8081-exec-8] c.i.p.configs.ExceptionHandlerFilter     : Current User Doesn't Have Permission to Visit This Page
2020-04-27 21:33:34.263  WARN 75704 --- [http-nio-8081-exec-9] c.i.p.configs.ExceptionHandlerFilter     : Current User Doesn't Have Permission to Visit This Page
2020-04-27 21:34:12.707  WARN 75704 --- [http-nio-8081-exec-10] c.i.p.configs.ExceptionHandlerFilter     : Current User Doesn't Have Permission to Visit This Page
2020-04-27 21:35:00.531  WARN 75704 --- [http-nio-8081-exec-3] c.i.p.configs.ExceptionHandlerFilter     : Current User Doesn't Have Permission to Visit This Page
2020-04-27 21:35:01.955  WARN 75704 --- [http-nio-8081-exec-4] c.i.p.configs.ExceptionHandlerFilter     : Current User Doesn't Have Permission to Visit This Page
2020-04-27 21:35:03.238  WARN 75704 --- [http-nio-8081-exec-5] c.i.p.configs.ExceptionHandlerFilter     : Current User Doesn't Have Permission to Visit This Page
2020-04-27 21:35:04.882  WARN 75704 --- [http-nio-8081-exec-6] c.i.p.configs.ExceptionHandlerFilter     : Current User Doesn't Have Permission to Visit This Page
2020-04-27 21:35:06.763  WARN 75704 --- [http-nio-8081-exec-7] c.i.p.configs.ExceptionHandlerFilter     : Current User Doesn't Have Permission to Visit This Page
2020-04-27 21:35:08.469  WARN 75704 --- [http-nio-8081-exec-8] c.i.p.configs.ExceptionHandlerFilter     : Current User Doesn't Have Permission to Visit This Page
2020-04-27 21:35:08.574  WARN 75704 --- [http-nio-8081-exec-9] c.i.p.configs.ExceptionHandlerFilter     : Current User Doesn't Have Permission to Visit This Page
2020-04-27 21:35:09.934  WARN 75704 --- [http-nio-8081-exec-10] c.i.p.configs.ExceptionHandlerFilter     : Current User Doesn't Have Permission to Visit This Page
2020-04-27 21:35:11.375  WARN 75704 --- [http-nio-8081-exec-1] c.i.p.configs.ExceptionHandlerFilter     : Current User Doesn't Have Permission to Visit This Page
2020-04-27 21:35:12.813  WARN 75704 --- [http-nio-8081-exec-2] c.i.p.configs.ExceptionHandlerFilter     : Current User Doesn't Have Permission to Visit This Page
2020-04-27 21:35:14.215  WARN 75704 --- [http-nio-8081-exec-3] c.i.p.configs.ExceptionHandlerFilter     : Current User Doesn't Have Permission to Visit This Page
2020-04-27 21:35:15.647  WARN 75704 --- [http-nio-8081-exec-4] c.i.p.configs.ExceptionHandlerFilter     : Current User Doesn't Have Permission to Visit This Page
2020-04-27 21:35:23.268  WARN 75704 --- [http-nio-8081-exec-5] c.i.p.configs.ExceptionHandlerFilter     : Current User Doesn't Have Permission to Visit This Page
2020-04-27 21:35:27.312  WARN 75704 --- [http-nio-8081-exec-6] c.i.p.configs.ExceptionHandlerFilter     : Current User Doesn't Have Permission to Visit This Page
2020-04-27 21:35:30.284  WARN 75704 --- [http-nio-8081-exec-7] c.i.p.configs.ExceptionHandlerFilter     : Current User Doesn't Have Permission to Visit This Page
2020-04-27 21:35:34.267  WARN 75704 --- [http-nio-8081-exec-8] c.i.p.configs.ExceptionHandlerFilter     : Current User Doesn't Have Permission to Visit This Page
2020-04-27 21:35:38.195  WARN 75704 --- [http-nio-8081-exec-9] c.i.p.configs.ExceptionHandlerFilter     : Current User Doesn't Have Permission to Visit This Page
2020-04-27 21:35:42.238  WARN 75704 --- [http-nio-8081-exec-10] c.i.p.configs.ExceptionHandlerFilter     : Current User Doesn't Have Permission to Visit This Page
2020-04-27 21:35:43.252  WARN 75704 --- [http-nio-8081-exec-1] c.i.p.configs.ExceptionHandlerFilter     : Current User Doesn't Have Permission to Visit This Page
2020-04-27 21:35:46.255  WARN 75704 --- [http-nio-8081-exec-2] c.i.p.configs.ExceptionHandlerFilter     : Current User Doesn't Have Permission to Visit This Page
2020-04-27 21:35:51.189  WARN 75704 --- [http-nio-8081-exec-3] c.i.p.configs.ExceptionHandlerFilter     : Current User Doesn't Have Permission to Visit This Page
2020-04-27 21:35:51.452  WARN 75704 --- [http-nio-8081-exec-4] c.i.p.configs.ExceptionHandlerFilter     : Current User Doesn't Have Permission to Visit This Page
2020-04-27 21:35:51.561  WARN 75704 --- [http-nio-8081-exec-5] c.i.p.configs.ExceptionHandlerFilter     : Current User Doesn't Have Permission to Visit This Page
2020-04-27 21:35:57.592  WARN 75704 --- [http-nio-8081-exec-6] c.i.p.configs.ExceptionHandlerFilter     : Current User Doesn't Have Permission to Visit This Page
2020-04-27 21:36:17.912  WARN 75704 --- [http-nio-8081-exec-7] c.i.p.configs.ExceptionHandlerFilter     : Current User Doesn't Have Permission to Visit This Page
2020-04-27 21:36:19.143  WARN 75704 --- [http-nio-8081-exec-8] c.i.p.configs.ExceptionHandlerFilter     : Current User Doesn't Have Permission to Visit This Page
2020-04-27 21:36:19.440  WARN 75704 --- [http-nio-8081-exec-9] c.i.p.configs.ExceptionHandlerFilter     : Current User Doesn't Have Permission to Visit This Page
2020-04-27 21:36:40.210  WARN 75704 --- [http-nio-8081-exec-10] c.i.p.configs.ExceptionHandlerFilter     : Current User Doesn't Have Permission to Visit This Page
2020-04-27 21:36:55.345  WARN 75704 --- [http-nio-8081-exec-2] c.i.p.configs.ExceptionHandlerFilter     : Current User Doesn't Have Permission to Visit This Page
2020-04-27 21:37:07.325  WARN 75704 --- [http-nio-8081-exec-4] c.i.p.configs.ExceptionHandlerFilter     : Current User Doesn't Have Permission to Visit This Page
2020-04-27 21:37:21.127  WARN 75704 --- [http-nio-8081-exec-5] c.i.p.configs.ExceptionHandlerFilter     : Current User Doesn't Have Permission to Visit This Page
2020-04-27 21:38:41.360  WARN 75704 --- [http-nio-8081-exec-7] c.i.p.configs.ExceptionHandlerFilter     : Current User Doesn't Have Permission to Visit This Page
2020-04-27 21:38:43.694  WARN 75704 --- [http-nio-8081-exec-8] c.i.p.configs.ExceptionHandlerFilter     : Current User Doesn't Have Permission to Visit This Page
2020-04-27 21:39:09.996  WARN 75704 --- [http-nio-8081-exec-9] c.i.p.configs.ExceptionHandlerFilter     : Current User Doesn't Have Permission to Visit This Page
2020-04-27 21:39:10.343  WARN 75704 --- [http-nio-8081-exec-10] c.i.p.configs.ExceptionHandlerFilter     : Current User Doesn't Have Permission to Visit This Page
2020-04-27 21:40:27.843  WARN 75704 --- [http-nio-8081-exec-3] c.i.p.configs.ExceptionHandlerFilter     : Current User Doesn't Have Permission to Visit This Page
2020-04-27 21:40:27.860  WARN 75704 --- [http-nio-8081-exec-4] c.i.p.configs.ExceptionHandlerFilter     : Current User Doesn't Have Permission to Visit This Page
2020-04-27 21:40:28.135  WARN 75704 --- [http-nio-8081-exec-5] c.i.p.configs.ExceptionHandlerFilter     : Current User Doesn't Have Permission to Visit This Page
2020-04-27 21:41:04.842  WARN 75704 --- [http-nio-8081-exec-7] c.i.p.configs.ExceptionHandlerFilter     : Current User Doesn't Have Permission to Visit This Page
2020-04-27 21:41:05.840  WARN 75704 --- [http-nio-8081-exec-9] c.i.p.configs.ExceptionHandlerFilter     : Current User Doesn't Have Permission to Visit This Page
